
*** Running vivado
    with args -log eq_top.vds -m64 -mode batch -messageDb vivado.pb -notrace -source eq_top.tcl


****** Vivado v2016.2 (64-bit)
  **** SW Build 1577090 on Thu Jun  2 16:32:40 MDT 2016
  **** IP Build 1577682 on Fri Jun  3 12:00:54 MDT 2016
    ** Copyright 1986-2016 Xilinx, Inc. All Rights Reserved.

source eq_top.tcl -notrace
Command: synth_design -top eq_top -part xc7a100tcsg324-1
Starting synth_design
Attempting to get a license for feature 'Synthesis' and/or device 'xc7a100t'
INFO: [Common 17-349] Got license for feature 'Synthesis' and/or device 'xc7a100t'
INFO: Launching helper process for spawning children vivado processes
INFO: Helper process launched with PID 2308 
---------------------------------------------------------------------------------
Starting RTL Elaboration : Time (s): cpu = 00:00:03 ; elapsed = 00:00:05 . Memory (MB): peak = 275.371 ; gain = 67.246
---------------------------------------------------------------------------------
INFO: [Synth 8-638] synthesizing module 'eq_top' [C:/Users/FH309/Desktop/eq2/eq2.srcs/sources_1/new/eq_top.vhd:12]
INFO: [Synth 8-638] synthesizing module 'eq2' [C:/Users/FH309/Desktop/eq2/eq2.srcs/sources_1/new/eq2.vhd:12]
INFO: [Synth 8-638] synthesizing module 'Comparator' [C:/Users/FH309/Desktop/eq2/eq2.srcs/sources_1/new/Comparator.vhd:33]
INFO: [Synth 8-256] done synthesizing module 'Comparator' (1#1) [C:/Users/FH309/Desktop/eq2/eq2.srcs/sources_1/new/Comparator.vhd:33]
INFO: [Synth 8-256] done synthesizing module 'eq2' (2#1) [C:/Users/FH309/Desktop/eq2/eq2.srcs/sources_1/new/eq2.vhd:12]
INFO: [Synth 8-256] done synthesizing module 'eq_top' (3#1) [C:/Users/FH309/Desktop/eq2/eq2.srcs/sources_1/new/eq_top.vhd:12]
---------------------------------------------------------------------------------
Finished RTL Elaboration : Time (s): cpu = 00:00:04 ; elapsed = 00:00:06 . Memory (MB): peak = 312.813 ; gain = 104.688
---------------------------------------------------------------------------------

Report Check Netlist: 
+------+------------------+-------+---------+-------+------------------+
|      |Item              |Errors |Warnings |Status |Description       |
+------+------------------+-------+---------+-------+------------------+
|1     |multi_driven_nets |      0|        0|Passed |Multi driven nets |
+------+------------------+-------+---------+-------+------------------+
---------------------------------------------------------------------------------
Finished RTL Optimization Phase 1 : Time (s): cpu = 00:00:04 ; elapsed = 00:00:06 . Memory (MB): peak = 312.813 ; gain = 104.688
---------------------------------------------------------------------------------
INFO: [Device 21-403] Loading part xc7a100tcsg324-1
INFO: [Project 1-570] Preparing netlist for logic optimization

Processing XDC Constraints
Initializing timing engine
Parsing XDC File [C:/Users/FH309/Desktop/eq2/eq2.srcs/constrs_1/imports/hdl/Nexys4_DDR_chu.xdc]
WARNING: [Vivado 12-584] No ports matched 'clk'. [C:/Users/FH309/Desktop/eq2/eq2.srcs/constrs_1/imports/hdl/Nexys4_DDR_chu.xdc:9]
CRITICAL WARNING: [Common 17-55] 'set_property' expects at least one object. [C:/Users/FH309/Desktop/eq2/eq2.srcs/constrs_1/imports/hdl/Nexys4_DDR_chu.xdc:9]
Resolution: If [get_<value>] was used to populate the object, check to make sure this command returns at least one valid object.
WARNING: [Vivado 12-584] No ports matched 'clk'. [C:/Users/FH309/Desktop/eq2/eq2.srcs/constrs_1/imports/hdl/Nexys4_DDR_chu.xdc:10]
CRITICAL WARNING: [Vivado 12-4739] create_clock:No valid object(s) found for '-objects [get_ports clk]'. [C:/Users/FH309/Desktop/eq2/eq2.srcs/constrs_1/imports/hdl/Nexys4_DDR_chu.xdc:10]
Resolution: Check if the specified object(s) exists in the current design. If it does, ensure that the correct design hierarchy was specified for the object. If you are working with clocks, make sure create_clock was used to create the clock object before it is referenced.
WARNING: [Vivado 12-584] No ports matched 'sw[4]'. [C:/Users/FH309/Desktop/eq2/eq2.srcs/constrs_1/imports/hdl/Nexys4_DDR_chu.xdc:19]
CRITICAL WARNING: [Common 17-55] 'set_property' expects at least one object. [C:/Users/FH309/Desktop/eq2/eq2.srcs/constrs_1/imports/hdl/Nexys4_DDR_chu.xdc:19]
Resolution: If [get_<value>] was used to populate the object, check to make sure this command returns at least one valid object.
WARNING: [Vivado 12-584] No ports matched 'sw[5]'. [C:/Users/FH309/Desktop/eq2/eq2.srcs/constrs_1/imports/hdl/Nexys4_DDR_chu.xdc:20]
CRITICAL WARNING: [Common 17-55] 'set_property' expects at least one object. [C:/Users/FH309/Desktop/eq2/eq2.srcs/constrs_1/imports/hdl/Nexys4_DDR_chu.xdc:20]
Resolution: If [get_<value>] was used to populate the object, check to make sure this command returns at least one valid object.
WARNING: [Vivado 12-584] No ports matched 'sw[6]'. [C:/Users/FH309/Desktop/eq2/eq2.srcs/constrs_1/imports/hdl/Nexys4_DDR_chu.xdc:21]
CRITICAL WARNING: [Common 17-55] 'set_property' expects at least one object. [C:/Users/FH309/Desktop/eq2/eq2.srcs/constrs_1/imports/hdl/Nexys4_DDR_chu.xdc:21]
Resolution: If [get_<value>] was used to populate the object, check to make sure this command returns at least one valid object.
WARNING: [Vivado 12-584] No ports matched 'sw[7]'. [C:/Users/FH309/Desktop/eq2/eq2.srcs/constrs_1/imports/hdl/Nexys4_DDR_chu.xdc:22]
CRITICAL WARNING: [Common 17-55] 'set_property' expects at least one object. [C:/Users/FH309/Desktop/eq2/eq2.srcs/constrs_1/imports/hdl/Nexys4_DDR_chu.xdc:22]
Resolution: If [get_<value>] was used to populate the object, check to make sure this command returns at least one valid object.
WARNING: [Vivado 12-584] No ports matched 'sw[8]'. [C:/Users/FH309/Desktop/eq2/eq2.srcs/constrs_1/imports/hdl/Nexys4_DDR_chu.xdc:23]
CRITICAL WARNING: [Common 17-55] 'set_property' expects at least one object. [C:/Users/FH309/Desktop/eq2/eq2.srcs/constrs_1/imports/hdl/Nexys4_DDR_chu.xdc:23]
Resolution: If [get_<value>] was used to populate the object, check to make sure this command returns at least one valid object.
WARNING: [Vivado 12-584] No ports matched 'sw[9]'. [C:/Users/FH309/Desktop/eq2/eq2.srcs/constrs_1/imports/hdl/Nexys4_DDR_chu.xdc:24]
CRITICAL WARNING: [Common 17-55] 'set_property' expects at least one object. [C:/Users/FH309/Desktop/eq2/eq2.srcs/constrs_1/imports/hdl/Nexys4_DDR_chu.xdc:24]
Resolution: If [get_<value>] was used to populate the object, check to make sure this command returns at least one valid object.
WARNING: [Vivado 12-584] No ports matched 'sw[10]'. [C:/Users/FH309/Desktop/eq2/eq2.srcs/constrs_1/imports/hdl/Nexys4_DDR_chu.xdc:25]
CRITICAL WARNING: [Common 17-55] 'set_property' expects at least one object. [C:/Users/FH309/Desktop/eq2/eq2.srcs/constrs_1/imports/hdl/Nexys4_DDR_chu.xdc:25]
Resolution: If [get_<value>] was used to populate the object, check to make sure this command returns at least one valid object.
WARNING: [Vivado 12-584] No ports matched 'sw[11]'. [C:/Users/FH309/Desktop/eq2/eq2.srcs/constrs_1/imports/hdl/Nexys4_DDR_chu.xdc:26]
CRITICAL WARNING: [Common 17-55] 'set_property' expects at least one object. [C:/Users/FH309/Desktop/eq2/eq2.srcs/constrs_1/imports/hdl/Nexys4_DDR_chu.xdc:26]
Resolution: If [get_<value>] was used to populate the object, check to make sure this command returns at least one valid object.
WARNING: [Vivado 12-584] No ports matched 'sw[12]'. [C:/Users/FH309/Desktop/eq2/eq2.srcs/constrs_1/imports/hdl/Nexys4_DDR_chu.xdc:27]
CRITICAL WARNING: [Common 17-55] 'set_property' expects at least one object. [C:/Users/FH309/Desktop/eq2/eq2.srcs/constrs_1/imports/hdl/Nexys4_DDR_chu.xdc:27]
Resolution: If [get_<value>] was used to populate the object, check to make sure this command returns at least one valid object.
WARNING: [Vivado 12-584] No ports matched 'sw[13]'. [C:/Users/FH309/Desktop/eq2/eq2.srcs/constrs_1/imports/hdl/Nexys4_DDR_chu.xdc:28]
CRITICAL WARNING: [Common 17-55] 'set_property' expects at least one object. [C:/Users/FH309/Desktop/eq2/eq2.srcs/constrs_1/imports/hdl/Nexys4_DDR_chu.xdc:28]
Resolution: If [get_<value>] was used to populate the object, check to make sure this command returns at least one valid object.
WARNING: [Vivado 12-584] No ports matched 'sw[14]'. [C:/Users/FH309/Desktop/eq2/eq2.srcs/constrs_1/imports/hdl/Nexys4_DDR_chu.xdc:29]
CRITICAL WARNING: [Common 17-55] 'set_property' expects at least one object. [C:/Users/FH309/Desktop/eq2/eq2.srcs/constrs_1/imports/hdl/Nexys4_DDR_chu.xdc:29]
Resolution: If [get_<value>] was used to populate the object, check to make sure this command returns at least one valid object.
WARNING: [Vivado 12-584] No ports matched 'sw[15]'. [C:/Users/FH309/Desktop/eq2/eq2.srcs/constrs_1/imports/hdl/Nexys4_DDR_chu.xdc:30]
CRITICAL WARNING: [Common 17-55] 'set_property' expects at least one object. [C:/Users/FH309/Desktop/eq2/eq2.srcs/constrs_1/imports/hdl/Nexys4_DDR_chu.xdc:30]
Resolution: If [get_<value>] was used to populate the object, check to make sure this command returns at least one valid object.
WARNING: [Vivado 12-584] No ports matched 'reset_n'. [C:/Users/FH309/Desktop/eq2/eq2.srcs/constrs_1/imports/hdl/Nexys4_DDR_chu.xdc:36]
CRITICAL WARNING: [Common 17-55] 'set_property' expects at least one object. [C:/Users/FH309/Desktop/eq2/eq2.srcs/constrs_1/imports/hdl/Nexys4_DDR_chu.xdc:36]
Resolution: If [get_<value>] was used to populate the object, check to make sure this command returns at least one valid object.
WARNING: [Vivado 12-584] No ports matched 'btn[4]'. [C:/Users/FH309/Desktop/eq2/eq2.srcs/constrs_1/imports/hdl/Nexys4_DDR_chu.xdc:39]
CRITICAL WARNING: [Common 17-55] 'set_property' expects at least one object. [C:/Users/FH309/Desktop/eq2/eq2.srcs/constrs_1/imports/hdl/Nexys4_DDR_chu.xdc:39]
Resolution: If [get_<value>] was used to populate the object, check to make sure this command returns at least one valid object.
WARNING: [Vivado 12-584] No ports matched 'btn[0]'. [C:/Users/FH309/Desktop/eq2/eq2.srcs/constrs_1/imports/hdl/Nexys4_DDR_chu.xdc:40]
CRITICAL WARNING: [Common 17-55] 'set_property' expects at least one object. [C:/Users/FH309/Desktop/eq2/eq2.srcs/constrs_1/imports/hdl/Nexys4_DDR_chu.xdc:40]
Resolution: If [get_<value>] was used to populate the object, check to make sure this command returns at least one valid object.
WARNING: [Vivado 12-584] No ports matched 'btn[3]'. [C:/Users/FH309/Desktop/eq2/eq2.srcs/constrs_1/imports/hdl/Nexys4_DDR_chu.xdc:41]
CRITICAL WARNING: [Common 17-55] 'set_property' expects at least one object. [C:/Users/FH309/Desktop/eq2/eq2.srcs/constrs_1/imports/hdl/Nexys4_DDR_chu.xdc:41]
Resolution: If [get_<value>] was used to populate the object, check to make sure this command returns at least one valid object.
WARNING: [Vivado 12-584] No ports matched 'btn[1]'. [C:/Users/FH309/Desktop/eq2/eq2.srcs/constrs_1/imports/hdl/Nexys4_DDR_chu.xdc:42]
CRITICAL WARNING: [Common 17-55] 'set_property' expects at least one object. [C:/Users/FH309/Desktop/eq2/eq2.srcs/constrs_1/imports/hdl/Nexys4_DDR_chu.xdc:42]
Resolution: If [get_<value>] was used to populate the object, check to make sure this command returns at least one valid object.
WARNING: [Vivado 12-584] No ports matched 'btn[2]'. [C:/Users/FH309/Desktop/eq2/eq2.srcs/constrs_1/imports/hdl/Nexys4_DDR_chu.xdc:43]
CRITICAL WARNING: [Common 17-55] 'set_property' expects at least one object. [C:/Users/FH309/Desktop/eq2/eq2.srcs/constrs_1/imports/hdl/Nexys4_DDR_chu.xdc:43]
Resolution: If [get_<value>] was used to populate the object, check to make sure this command returns at least one valid object.
WARNING: [Vivado 12-584] No ports matched 'led[1]'. [C:/Users/FH309/Desktop/eq2/eq2.srcs/constrs_1/imports/hdl/Nexys4_DDR_chu.xdc:49]
CRITICAL WARNING: [Common 17-55] 'set_property' expects at least one object. [C:/Users/FH309/Desktop/eq2/eq2.srcs/constrs_1/imports/hdl/Nexys4_DDR_chu.xdc:49]
Resolution: If [get_<value>] was used to populate the object, check to make sure this command returns at least one valid object.
WARNING: [Vivado 12-584] No ports matched 'led[2]'. [C:/Users/FH309/Desktop/eq2/eq2.srcs/constrs_1/imports/hdl/Nexys4_DDR_chu.xdc:50]
CRITICAL WARNING: [Common 17-55] 'set_property' expects at least one object. [C:/Users/FH309/Desktop/eq2/eq2.srcs/constrs_1/imports/hdl/Nexys4_DDR_chu.xdc:50]
Resolution: If [get_<value>] was used to populate the object, check to make sure this command returns at least one valid object.
WARNING: [Vivado 12-584] No ports matched 'led[3]'. [C:/Users/FH309/Desktop/eq2/eq2.srcs/constrs_1/imports/hdl/Nexys4_DDR_chu.xdc:51]
CRITICAL WARNING: [Common 17-55] 'set_property' expects at least one object. [C:/Users/FH309/Desktop/eq2/eq2.srcs/constrs_1/imports/hdl/Nexys4_DDR_chu.xdc:51]
Resolution: If [get_<value>] was used to populate the object, check to make sure this command returns at least one valid object.
WARNING: [Vivado 12-584] No ports matched 'led[4]'. [C:/Users/FH309/Desktop/eq2/eq2.srcs/constrs_1/imports/hdl/Nexys4_DDR_chu.xdc:52]
CRITICAL WARNING: [Common 17-55] 'set_property' expects at least one object. [C:/Users/FH309/Desktop/eq2/eq2.srcs/constrs_1/imports/hdl/Nexys4_DDR_chu.xdc:52]
Resolution: If [get_<value>] was used to populate the object, check to make sure this command returns at least one valid object.
WARNING: [Vivado 12-584] No ports matched 'led[5]'. [C:/Users/FH309/Desktop/eq2/eq2.srcs/constrs_1/imports/hdl/Nexys4_DDR_chu.xdc:53]
CRITICAL WARNING: [Common 17-55] 'set_property' expects at least one object. [C:/Users/FH309/Desktop/eq2/eq2.srcs/constrs_1/imports/hdl/Nexys4_DDR_chu.xdc:53]
Resolution: If [get_<value>] was used to populate the object, check to make sure this command returns at least one valid object.
WARNING: [Vivado 12-584] No ports matched 'led[6]'. [C:/Users/FH309/Desktop/eq2/eq2.srcs/constrs_1/imports/hdl/Nexys4_DDR_chu.xdc:54]
CRITICAL WARNING: [Common 17-55] 'set_property' expects at least one object. [C:/Users/FH309/Desktop/eq2/eq2.srcs/constrs_1/imports/hdl/Nexys4_DDR_chu.xdc:54]
Resolution: If [get_<value>] was used to populate the object, check to make sure this command returns at least one valid object.
WARNING: [Vivado 12-584] No ports matched 'led[7]'. [C:/Users/FH309/Desktop/eq2/eq2.srcs/constrs_1/imports/hdl/Nexys4_DDR_chu.xdc:55]
CRITICAL WARNING: [Common 17-55] 'set_property' expects at least one object. [C:/Users/FH309/Desktop/eq2/eq2.srcs/constrs_1/imports/hdl/Nexys4_DDR_chu.xdc:55]
Resolution: If [get_<value>] was used to populate the object, check to make sure this command returns at least one valid object.
WARNING: [Vivado 12-584] No ports matched 'led[8]'. [C:/Users/FH309/Desktop/eq2/eq2.srcs/constrs_1/imports/hdl/Nexys4_DDR_chu.xdc:56]
CRITICAL WARNING: [Common 17-55] 'set_property' expects at least one object. [C:/Users/FH309/Desktop/eq2/eq2.srcs/constrs_1/imports/hdl/Nexys4_DDR_chu.xdc:56]
Resolution: If [get_<value>] was used to populate the object, check to make sure this command returns at least one valid object.
WARNING: [Vivado 12-584] No ports matched 'led[9]'. [C:/Users/FH309/Desktop/eq2/eq2.srcs/constrs_1/imports/hdl/Nexys4_DDR_chu.xdc:57]
CRITICAL WARNING: [Common 17-55] 'set_property' expects at least one object. [C:/Users/FH309/Desktop/eq2/eq2.srcs/constrs_1/imports/hdl/Nexys4_DDR_chu.xdc:57]
Resolution: If [get_<value>] was used to populate the object, check to make sure this command returns at least one valid object.
WARNING: [Vivado 12-584] No ports matched 'led[10]'. [C:/Users/FH309/Desktop/eq2/eq2.srcs/constrs_1/imports/hdl/Nexys4_DDR_chu.xdc:58]
CRITICAL WARNING: [Common 17-55] 'set_property' expects at least one object. [C:/Users/FH309/Desktop/eq2/eq2.srcs/constrs_1/imports/hdl/Nexys4_DDR_chu.xdc:58]
Resolution: If [get_<value>] was used to populate the object, check to make sure this command returns at least one valid object.
WARNING: [Vivado 12-584] No ports matched 'led[11]'. [C:/Users/FH309/Desktop/eq2/eq2.srcs/constrs_1/imports/hdl/Nexys4_DDR_chu.xdc:59]
CRITICAL WARNING: [Common 17-55] 'set_property' expects at least one object. [C:/Users/FH309/Desktop/eq2/eq2.srcs/constrs_1/imports/hdl/Nexys4_DDR_chu.xdc:59]
Resolution: If [get_<value>] was used to populate the object, check to make sure this command returns at least one valid object.
WARNING: [Vivado 12-584] No ports matched 'led[12]'. [C:/Users/FH309/Desktop/eq2/eq2.srcs/constrs_1/imports/hdl/Nexys4_DDR_chu.xdc:60]
CRITICAL WARNING: [Common 17-55] 'set_property' expects at least one object. [C:/Users/FH309/Desktop/eq2/eq2.srcs/constrs_1/imports/hdl/Nexys4_DDR_chu.xdc:60]
Resolution: If [get_<value>] was used to populate the object, check to make sure this command returns at least one valid object.
WARNING: [Vivado 12-584] No ports matched 'led[13]'. [C:/Users/FH309/Desktop/eq2/eq2.srcs/constrs_1/imports/hdl/Nexys4_DDR_chu.xdc:61]
CRITICAL WARNING: [Common 17-55] 'set_property' expects at least one object. [C:/Users/FH309/Desktop/eq2/eq2.srcs/constrs_1/imports/hdl/Nexys4_DDR_chu.xdc:61]
Resolution: If [get_<value>] was used to populate the object, check to make sure this command returns at least one valid object.
WARNING: [Vivado 12-584] No ports matched 'led[14]'. [C:/Users/FH309/Desktop/eq2/eq2.srcs/constrs_1/imports/hdl/Nexys4_DDR_chu.xdc:62]
CRITICAL WARNING: [Common 17-55] 'set_property' expects at least one object. [C:/Users/FH309/Desktop/eq2/eq2.srcs/constrs_1/imports/hdl/Nexys4_DDR_chu.xdc:62]
Resolution: If [get_<value>] was used to populate the object, check to make sure this command returns at least one valid object.
WARNING: [Vivado 12-584] No ports matched 'led[15]'. [C:/Users/FH309/Desktop/eq2/eq2.srcs/constrs_1/imports/hdl/Nexys4_DDR_chu.xdc:63]
CRITICAL WARNING: [Common 17-55] 'set_property' expects at least one object. [C:/Users/FH309/Desktop/eq2/eq2.srcs/constrs_1/imports/hdl/Nexys4_DDR_chu.xdc:63]
Resolution: If [get_<value>] was used to populate the object, check to make sure this command returns at least one valid object.
WARNING: [Vivado 12-584] No ports matched 'rgb_led1[0]'. [C:/Users/FH309/Desktop/eq2/eq2.srcs/constrs_1/imports/hdl/Nexys4_DDR_chu.xdc:68]
CRITICAL WARNING: [Common 17-55] 'set_property' expects at least one object. [C:/Users/FH309/Desktop/eq2/eq2.srcs/constrs_1/imports/hdl/Nexys4_DDR_chu.xdc:68]
Resolution: If [get_<value>] was used to populate the object, check to make sure this command returns at least one valid object.
WARNING: [Vivado 12-584] No ports matched 'rgb_led1[1]'. [C:/Users/FH309/Desktop/eq2/eq2.srcs/constrs_1/imports/hdl/Nexys4_DDR_chu.xdc:69]
CRITICAL WARNING: [Common 17-55] 'set_property' expects at least one object. [C:/Users/FH309/Desktop/eq2/eq2.srcs/constrs_1/imports/hdl/Nexys4_DDR_chu.xdc:69]
Resolution: If [get_<value>] was used to populate the object, check to make sure this command returns at least one valid object.
WARNING: [Vivado 12-584] No ports matched 'rgb_led1[2]'. [C:/Users/FH309/Desktop/eq2/eq2.srcs/constrs_1/imports/hdl/Nexys4_DDR_chu.xdc:70]
CRITICAL WARNING: [Common 17-55] 'set_property' expects at least one object. [C:/Users/FH309/Desktop/eq2/eq2.srcs/constrs_1/imports/hdl/Nexys4_DDR_chu.xdc:70]
Resolution: If [get_<value>] was used to populate the object, check to make sure this command returns at least one valid object.
WARNING: [Vivado 12-584] No ports matched 'rgb_led2[0]'. [C:/Users/FH309/Desktop/eq2/eq2.srcs/constrs_1/imports/hdl/Nexys4_DDR_chu.xdc:71]
CRITICAL WARNING: [Common 17-55] 'set_property' expects at least one object. [C:/Users/FH309/Desktop/eq2/eq2.srcs/constrs_1/imports/hdl/Nexys4_DDR_chu.xdc:71]
Resolution: If [get_<value>] was used to populate the object, check to make sure this command returns at least one valid object.
WARNING: [Vivado 12-584] No ports matched 'rgb_led2[1]'. [C:/Users/FH309/Desktop/eq2/eq2.srcs/constrs_1/imports/hdl/Nexys4_DDR_chu.xdc:72]
CRITICAL WARNING: [Common 17-55] 'set_property' expects at least one object. [C:/Users/FH309/Desktop/eq2/eq2.srcs/constrs_1/imports/hdl/Nexys4_DDR_chu.xdc:72]
Resolution: If [get_<value>] was used to populate the object, check to make sure this command returns at least one valid object.
WARNING: [Vivado 12-584] No ports matched 'rgb_led2[2]'. [C:/Users/FH309/Desktop/eq2/eq2.srcs/constrs_1/imports/hdl/Nexys4_DDR_chu.xdc:73]
CRITICAL WARNING: [Common 17-55] 'set_property' expects at least one object. [C:/Users/FH309/Desktop/eq2/eq2.srcs/constrs_1/imports/hdl/Nexys4_DDR_chu.xdc:73]
Resolution: If [get_<value>] was used to populate the object, check to make sure this command returns at least one valid object.
WARNING: [Vivado 12-584] No ports matched 'sseg[0]'. [C:/Users/FH309/Desktop/eq2/eq2.srcs/constrs_1/imports/hdl/Nexys4_DDR_chu.xdc:78]
CRITICAL WARNING: [Common 17-55] 'set_property' expects at least one object. [C:/Users/FH309/Desktop/eq2/eq2.srcs/constrs_1/imports/hdl/Nexys4_DDR_chu.xdc:78]
Resolution: If [get_<value>] was used to populate the object, check to make sure this command returns at least one valid object.
WARNING: [Vivado 12-584] No ports matched 'sseg[1]'. [C:/Users/FH309/Desktop/eq2/eq2.srcs/constrs_1/imports/hdl/Nexys4_DDR_chu.xdc:79]
CRITICAL WARNING: [Common 17-55] 'set_property' expects at least one object. [C:/Users/FH309/Desktop/eq2/eq2.srcs/constrs_1/imports/hdl/Nexys4_DDR_chu.xdc:79]
Resolution: If [get_<value>] was used to populate the object, check to make sure this command returns at least one valid object.
WARNING: [Vivado 12-584] No ports matched 'sseg[2]'. [C:/Users/FH309/Desktop/eq2/eq2.srcs/constrs_1/imports/hdl/Nexys4_DDR_chu.xdc:80]
CRITICAL WARNING: [Common 17-55] 'set_property' expects at least one object. [C:/Users/FH309/Desktop/eq2/eq2.srcs/constrs_1/imports/hdl/Nexys4_DDR_chu.xdc:80]
Resolution: If [get_<value>] was used to populate the object, check to make sure this command returns at least one valid object.
WARNING: [Vivado 12-584] No ports matched 'sseg[3]'. [C:/Users/FH309/Desktop/eq2/eq2.srcs/constrs_1/imports/hdl/Nexys4_DDR_chu.xdc:81]
CRITICAL WARNING: [Common 17-55] 'set_property' expects at least one object. [C:/Users/FH309/Desktop/eq2/eq2.srcs/constrs_1/imports/hdl/Nexys4_DDR_chu.xdc:81]
Resolution: If [get_<value>] was used to populate the object, check to make sure this command returns at least one valid object.
WARNING: [Vivado 12-584] No ports matched 'sseg[4]'. [C:/Users/FH309/Desktop/eq2/eq2.srcs/constrs_1/imports/hdl/Nexys4_DDR_chu.xdc:82]
CRITICAL WARNING: [Common 17-55] 'set_property' expects at least one object. [C:/Users/FH309/Desktop/eq2/eq2.srcs/constrs_1/imports/hdl/Nexys4_DDR_chu.xdc:82]
Resolution: If [get_<value>] was used to populate the object, check to make sure this command returns at least one valid object.
WARNING: [Vivado 12-584] No ports matched 'sseg[5]'. [C:/Users/FH309/Desktop/eq2/eq2.srcs/constrs_1/imports/hdl/Nexys4_DDR_chu.xdc:83]
CRITICAL WARNING: [Common 17-55] 'set_property' expects at least one object. [C:/Users/FH309/Desktop/eq2/eq2.srcs/constrs_1/imports/hdl/Nexys4_DDR_chu.xdc:83]
Resolution: If [get_<value>] was used to populate the object, check to make sure this command returns at least one valid object.
WARNING: [Vivado 12-584] No ports matched 'sseg[6]'. [C:/Users/FH309/Desktop/eq2/eq2.srcs/constrs_1/imports/hdl/Nexys4_DDR_chu.xdc:84]
CRITICAL WARNING: [Common 17-55] 'set_property' expects at least one object. [C:/Users/FH309/Desktop/eq2/eq2.srcs/constrs_1/imports/hdl/Nexys4_DDR_chu.xdc:84]
Resolution: If [get_<value>] was used to populate the object, check to make sure this command returns at least one valid object.
WARNING: [Vivado 12-584] No ports matched 'sseg[7]'. [C:/Users/FH309/Desktop/eq2/eq2.srcs/constrs_1/imports/hdl/Nexys4_DDR_chu.xdc:86]
CRITICAL WARNING: [Common 17-55] 'set_property' expects at least one object. [C:/Users/FH309/Desktop/eq2/eq2.srcs/constrs_1/imports/hdl/Nexys4_DDR_chu.xdc:86]
Resolution: If [get_<value>] was used to populate the object, check to make sure this command returns at least one valid object.
WARNING: [Vivado 12-584] No ports matched 'an[0]'. [C:/Users/FH309/Desktop/eq2/eq2.srcs/constrs_1/imports/hdl/Nexys4_DDR_chu.xdc:88]
CRITICAL WARNING: [Common 17-55] 'set_property' expects at least one object. [C:/Users/FH309/Desktop/eq2/eq2.srcs/constrs_1/imports/hdl/Nexys4_DDR_chu.xdc:88]
Resolution: If [get_<value>] was used to populate the object, check to make sure this command returns at least one valid object.
WARNING: [Vivado 12-584] No ports matched 'an[1]'. [C:/Users/FH309/Desktop/eq2/eq2.srcs/constrs_1/imports/hdl/Nexys4_DDR_chu.xdc:89]
CRITICAL WARNING: [Common 17-55] 'set_property' expects at least one object. [C:/Users/FH309/Desktop/eq2/eq2.srcs/constrs_1/imports/hdl/Nexys4_DDR_chu.xdc:89]
Resolution: If [get_<value>] was used to populate the object, check to make sure this command returns at least one valid object.
WARNING: [Vivado 12-584] No ports matched 'an[2]'. [C:/Users/FH309/Desktop/eq2/eq2.srcs/constrs_1/imports/hdl/Nexys4_DDR_chu.xdc:90]
CRITICAL WARNING: [Common 17-55] 'set_property' expects at least one object. [C:/Users/FH309/Desktop/eq2/eq2.srcs/constrs_1/imports/hdl/Nexys4_DDR_chu.xdc:90]
Resolution: If [get_<value>] was used to populate the object, check to make sure this command returns at least one valid object.
WARNING: [Vivado 12-584] No ports matched 'an[3]'. [C:/Users/FH309/Desktop/eq2/eq2.srcs/constrs_1/imports/hdl/Nexys4_DDR_chu.xdc:91]
CRITICAL WARNING: [Common 17-55] 'set_property' expects at least one object. [C:/Users/FH309/Desktop/eq2/eq2.srcs/constrs_1/imports/hdl/Nexys4_DDR_chu.xdc:91]
Resolution: If [get_<value>] was used to populate the object, check to make sure this command returns at least one valid object.
WARNING: [Vivado 12-584] No ports matched 'an[4]'. [C:/Users/FH309/Desktop/eq2/eq2.srcs/constrs_1/imports/hdl/Nexys4_DDR_chu.xdc:92]
CRITICAL WARNING: [Common 17-55] 'set_property' expects at least one object. [C:/Users/FH309/Desktop/eq2/eq2.srcs/constrs_1/imports/hdl/Nexys4_DDR_chu.xdc:92]
Resolution: If [get_<value>] was used to populate the object, check to make sure this command returns at least one valid object.
WARNING: [Vivado 12-584] No ports matched 'an[5]'. [C:/Users/FH309/Desktop/eq2/eq2.srcs/constrs_1/imports/hdl/Nexys4_DDR_chu.xdc:93]
CRITICAL WARNING: [Common 17-55] 'set_property' expects at least one object. [C:/Users/FH309/Desktop/eq2/eq2.srcs/constrs_1/imports/hdl/Nexys4_DDR_chu.xdc:93]
Resolution: If [get_<value>] was used to populate the object, check to make sure this command returns at least one valid object.
WARNING: [Vivado 12-584] No ports matched 'an[6]'. [C:/Users/FH309/Desktop/eq2/eq2.srcs/constrs_1/imports/hdl/Nexys4_DDR_chu.xdc:94]
CRITICAL WARNING: [Common 17-55] 'set_property' expects at least one object. [C:/Users/FH309/Desktop/eq2/eq2.srcs/constrs_1/imports/hdl/Nexys4_DDR_chu.xdc:94]
Resolution: If [get_<value>] was used to populate the object, check to make sure this command returns at least one valid object.
WARNING: [Vivado 12-584] No ports matched 'an[7]'. [C:/Users/FH309/Desktop/eq2/eq2.srcs/constrs_1/imports/hdl/Nexys4_DDR_chu.xdc:95]
CRITICAL WARNING: [Common 17-55] 'set_property' expects at least one object. [C:/Users/FH309/Desktop/eq2/eq2.srcs/constrs_1/imports/hdl/Nexys4_DDR_chu.xdc:95]
Resolution: If [get_<value>] was used to populate the object, check to make sure this command returns at least one valid object.
WARNING: [Vivado 12-584] No ports matched 'audio_pdm'. [C:/Users/FH309/Desktop/eq2/eq2.srcs/constrs_1/imports/hdl/Nexys4_DDR_chu.xdc:101]
CRITICAL WARNING: [Common 17-55] 'set_property' expects at least one object. [C:/Users/FH309/Desktop/eq2/eq2.srcs/constrs_1/imports/hdl/Nexys4_DDR_chu.xdc:101]
Resolution: If [get_<value>] was used to populate the object, check to make sure this command returns at least one valid object.
WARNING: [Vivado 12-584] No ports matched 'audio_on'. [C:/Users/FH309/Desktop/eq2/eq2.srcs/constrs_1/imports/hdl/Nexys4_DDR_chu.xdc:102]
CRITICAL WARNING: [Common 17-55] 'set_property' expects at least one object. [C:/Users/FH309/Desktop/eq2/eq2.srcs/constrs_1/imports/hdl/Nexys4_DDR_chu.xdc:102]
Resolution: If [get_<value>] was used to populate the object, check to make sure this command returns at least one valid object.
WARNING: [Vivado 12-584] No ports matched 'tx'. [C:/Users/FH309/Desktop/eq2/eq2.srcs/constrs_1/imports/hdl/Nexys4_DDR_chu.xdc:108]
CRITICAL WARNING: [Common 17-55] 'set_property' expects at least one object. [C:/Users/FH309/Desktop/eq2/eq2.srcs/constrs_1/imports/hdl/Nexys4_DDR_chu.xdc:108]
Resolution: If [get_<value>] was used to populate the object, check to make sure this command returns at least one valid object.
WARNING: [Vivado 12-584] No ports matched 'rx'. [C:/Users/FH309/Desktop/eq2/eq2.srcs/constrs_1/imports/hdl/Nexys4_DDR_chu.xdc:109]
CRITICAL WARNING: [Common 17-55] 'set_property' expects at least one object. [C:/Users/FH309/Desktop/eq2/eq2.srcs/constrs_1/imports/hdl/Nexys4_DDR_chu.xdc:109]
Resolution: If [get_<value>] was used to populate the object, check to make sure this command returns at least one valid object.
WARNING: [Vivado 12-584] No ports matched 'ps2c'. [C:/Users/FH309/Desktop/eq2/eq2.srcs/constrs_1/imports/hdl/Nexys4_DDR_chu.xdc:117]
CRITICAL WARNING: [Common 17-55] 'set_property' expects at least one object. [C:/Users/FH309/Desktop/eq2/eq2.srcs/constrs_1/imports/hdl/Nexys4_DDR_chu.xdc:117]
Resolution: If [get_<value>] was used to populate the object, check to make sure this command returns at least one valid object.
WARNING: [Vivado 12-584] No ports matched 'ps2d'. [C:/Users/FH309/Desktop/eq2/eq2.srcs/constrs_1/imports/hdl/Nexys4_DDR_chu.xdc:118]
CRITICAL WARNING: [Common 17-55] 'set_property' expects at least one object. [C:/Users/FH309/Desktop/eq2/eq2.srcs/constrs_1/imports/hdl/Nexys4_DDR_chu.xdc:118]
Resolution: If [get_<value>] was used to populate the object, check to make sure this command returns at least one valid object.
WARNING: [Vivado 12-584] No ports matched 'tmp_i2c_scl'. [C:/Users/FH309/Desktop/eq2/eq2.srcs/constrs_1/imports/hdl/Nexys4_DDR_chu.xdc:125]
CRITICAL WARNING: [Common 17-55] 'set_property' expects at least one object. [C:/Users/FH309/Desktop/eq2/eq2.srcs/constrs_1/imports/hdl/Nexys4_DDR_chu.xdc:125]
Resolution: If [get_<value>] was used to populate the object, check to make sure this command returns at least one valid object.
WARNING: [Vivado 12-584] No ports matched 'tmp_i2c_sda'. [C:/Users/FH309/Desktop/eq2/eq2.srcs/constrs_1/imports/hdl/Nexys4_DDR_chu.xdc:126]
CRITICAL WARNING: [Common 17-55] 'set_property' expects at least one object. [C:/Users/FH309/Desktop/eq2/eq2.srcs/constrs_1/imports/hdl/Nexys4_DDR_chu.xdc:126]
Resolution: If [get_<value>] was used to populate the object, check to make sure this command returns at least one valid object.
WARNING: [Vivado 12-584] No ports matched 'acl_miso'. [C:/Users/FH309/Desktop/eq2/eq2.srcs/constrs_1/imports/hdl/Nexys4_DDR_chu.xdc:136]
CRITICAL WARNING: [Common 17-55] 'set_property' expects at least one object. [C:/Users/FH309/Desktop/eq2/eq2.srcs/constrs_1/imports/hdl/Nexys4_DDR_chu.xdc:136]
Resolution: If [get_<value>] was used to populate the object, check to make sure this command returns at least one valid object.
WARNING: [Vivado 12-584] No ports matched 'acl_mosi'. [C:/Users/FH309/Desktop/eq2/eq2.srcs/constrs_1/imports/hdl/Nexys4_DDR_chu.xdc:137]
CRITICAL WARNING: [Common 17-55] 'set_property' expects at least one object. [C:/Users/FH309/Desktop/eq2/eq2.srcs/constrs_1/imports/hdl/Nexys4_DDR_chu.xdc:137]
Resolution: If [get_<value>] was used to populate the object, check to make sure this command returns at least one valid object.
WARNING: [Vivado 12-584] No ports matched 'acl_sclk'. [C:/Users/FH309/Desktop/eq2/eq2.srcs/constrs_1/imports/hdl/Nexys4_DDR_chu.xdc:138]
CRITICAL WARNING: [Common 17-55] 'set_property' expects at least one object. [C:/Users/FH309/Desktop/eq2/eq2.srcs/constrs_1/imports/hdl/Nexys4_DDR_chu.xdc:138]
Resolution: If [get_<value>] was used to populate the object, check to make sure this command returns at least one valid object.
WARNING: [Vivado 12-584] No ports matched 'acl_ss_n'. [C:/Users/FH309/Desktop/eq2/eq2.srcs/constrs_1/imports/hdl/Nexys4_DDR_chu.xdc:139]
CRITICAL WARNING: [Common 17-55] 'set_property' expects at least one object. [C:/Users/FH309/Desktop/eq2/eq2.srcs/constrs_1/imports/hdl/Nexys4_DDR_chu.xdc:139]
Resolution: If [get_<value>] was used to populate the object, check to make sure this command returns at least one valid object.
WARNING: [Vivado 12-584] No ports matched 'hsync'. [C:/Users/FH309/Desktop/eq2/eq2.srcs/constrs_1/imports/hdl/Nexys4_DDR_chu.xdc:148]
CRITICAL WARNING: [Common 17-55] 'set_property' expects at least one object. [C:/Users/FH309/Desktop/eq2/eq2.srcs/constrs_1/imports/hdl/Nexys4_DDR_chu.xdc:148]
Resolution: If [get_<value>] was used to populate the object, check to make sure this command returns at least one valid object.
WARNING: [Vivado 12-584] No ports matched 'vsync'. [C:/Users/FH309/Desktop/eq2/eq2.srcs/constrs_1/imports/hdl/Nexys4_DDR_chu.xdc:149]
CRITICAL WARNING: [Common 17-55] 'set_property' expects at least one object. [C:/Users/FH309/Desktop/eq2/eq2.srcs/constrs_1/imports/hdl/Nexys4_DDR_chu.xdc:149]
Resolution: If [get_<value>] was used to populate the object, check to make sure this command returns at least one valid object.
WARNING: [Vivado 12-584] No ports matched 'rgb[8]'. [C:/Users/FH309/Desktop/eq2/eq2.srcs/constrs_1/imports/hdl/Nexys4_DDR_chu.xdc:150]
CRITICAL WARNING: [Common 17-55] 'set_property' expects at least one object. [C:/Users/FH309/Desktop/eq2/eq2.srcs/constrs_1/imports/hdl/Nexys4_DDR_chu.xdc:150]
Resolution: If [get_<value>] was used to populate the object, check to make sure this command returns at least one valid object.
WARNING: [Vivado 12-584] No ports matched 'rgb[9]'. [C:/Users/FH309/Desktop/eq2/eq2.srcs/constrs_1/imports/hdl/Nexys4_DDR_chu.xdc:151]
CRITICAL WARNING: [Common 17-55] 'set_property' expects at least one object. [C:/Users/FH309/Desktop/eq2/eq2.srcs/constrs_1/imports/hdl/Nexys4_DDR_chu.xdc:151]
Resolution: If [get_<value>] was used to populate the object, check to make sure this command returns at least one valid object.
WARNING: [Vivado 12-584] No ports matched 'rgb[10]'. [C:/Users/FH309/Desktop/eq2/eq2.srcs/constrs_1/imports/hdl/Nexys4_DDR_chu.xdc:152]
CRITICAL WARNING: [Common 17-55] 'set_property' expects at least one object. [C:/Users/FH309/Desktop/eq2/eq2.srcs/constrs_1/imports/hdl/Nexys4_DDR_chu.xdc:152]
Resolution: If [get_<value>] was used to populate the object, check to make sure this command returns at least one valid object.
WARNING: [Vivado 12-584] No ports matched 'rgb[11]'. [C:/Users/FH309/Desktop/eq2/eq2.srcs/constrs_1/imports/hdl/Nexys4_DDR_chu.xdc:153]
CRITICAL WARNING: [Common 17-55] 'set_property' expects at least one object. [C:/Users/FH309/Desktop/eq2/eq2.srcs/constrs_1/imports/hdl/Nexys4_DDR_chu.xdc:153]
Resolution: If [get_<value>] was used to populate the object, check to make sure this command returns at least one valid object.
WARNING: [Vivado 12-584] No ports matched 'rgb[4]'. [C:/Users/FH309/Desktop/eq2/eq2.srcs/constrs_1/imports/hdl/Nexys4_DDR_chu.xdc:154]
CRITICAL WARNING: [Common 17-55] 'set_property' expects at least one object. [C:/Users/FH309/Desktop/eq2/eq2.srcs/constrs_1/imports/hdl/Nexys4_DDR_chu.xdc:154]
Resolution: If [get_<value>] was used to populate the object, check to make sure this command returns at least one valid object.
WARNING: [Vivado 12-584] No ports matched 'rgb[5]'. [C:/Users/FH309/Desktop/eq2/eq2.srcs/constrs_1/imports/hdl/Nexys4_DDR_chu.xdc:155]
CRITICAL WARNING: [Common 17-55] 'set_property' expects at least one object. [C:/Users/FH309/Desktop/eq2/eq2.srcs/constrs_1/imports/hdl/Nexys4_DDR_chu.xdc:155]
Resolution: If [get_<value>] was used to populate the object, check to make sure this command returns at least one valid object.
WARNING: [Vivado 12-584] No ports matched 'rgb[6]'. [C:/Users/FH309/Desktop/eq2/eq2.srcs/constrs_1/imports/hdl/Nexys4_DDR_chu.xdc:156]
CRITICAL WARNING: [Common 17-55] 'set_property' expects at least one object. [C:/Users/FH309/Desktop/eq2/eq2.srcs/constrs_1/imports/hdl/Nexys4_DDR_chu.xdc:156]
Resolution: If [get_<value>] was used to populate the object, check to make sure this command returns at least one valid object.
WARNING: [Vivado 12-584] No ports matched 'rgb[7]'. [C:/Users/FH309/Desktop/eq2/eq2.srcs/constrs_1/imports/hdl/Nexys4_DDR_chu.xdc:157]
CRITICAL WARNING: [Common 17-55] 'set_property' expects at least one object. [C:/Users/FH309/Desktop/eq2/eq2.srcs/constrs_1/imports/hdl/Nexys4_DDR_chu.xdc:157]
Resolution: If [get_<value>] was used to populate the object, check to make sure this command returns at least one valid object.
WARNING: [Vivado 12-584] No ports matched 'rgb[0]'. [C:/Users/FH309/Desktop/eq2/eq2.srcs/constrs_1/imports/hdl/Nexys4_DDR_chu.xdc:158]
CRITICAL WARNING: [Common 17-55] 'set_property' expects at least one object. [C:/Users/FH309/Desktop/eq2/eq2.srcs/constrs_1/imports/hdl/Nexys4_DDR_chu.xdc:158]
Resolution: If [get_<value>] was used to populate the object, check to make sure this command returns at least one valid object.
WARNING: [Vivado 12-584] No ports matched 'rgb[1]'. [C:/Users/FH309/Desktop/eq2/eq2.srcs/constrs_1/imports/hdl/Nexys4_DDR_chu.xdc:159]
CRITICAL WARNING: [Common 17-55] 'set_property' expects at least one object. [C:/Users/FH309/Desktop/eq2/eq2.srcs/constrs_1/imports/hdl/Nexys4_DDR_chu.xdc:159]
Resolution: If [get_<value>] was used to populate the object, check to make sure this command returns at least one valid object.
WARNING: [Vivado 12-584] No ports matched 'rgb[2]'. [C:/Users/FH309/Desktop/eq2/eq2.srcs/constrs_1/imports/hdl/Nexys4_DDR_chu.xdc:160]
CRITICAL WARNING: [Common 17-55] 'set_property' expects at least one object. [C:/Users/FH309/Desktop/eq2/eq2.srcs/constrs_1/imports/hdl/Nexys4_DDR_chu.xdc:160]
Resolution: If [get_<value>] was used to populate the object, check to make sure this command returns at least one valid object.
WARNING: [Vivado 12-584] No ports matched 'rgb[3]'. [C:/Users/FH309/Desktop/eq2/eq2.srcs/constrs_1/imports/hdl/Nexys4_DDR_chu.xdc:161]
CRITICAL WARNING: [Common 17-55] 'set_property' expects at least one object. [C:/Users/FH309/Desktop/eq2/eq2.srcs/constrs_1/imports/hdl/Nexys4_DDR_chu.xdc:161]
Resolution: If [get_<value>] was used to populate the object, check to make sure this command returns at least one valid object.
WARNING: [Vivado 12-584] No ports matched 'adc_n[0]'. [C:/Users/FH309/Desktop/eq2/eq2.srcs/constrs_1/imports/hdl/Nexys4_DDR_chu.xdc:168]
CRITICAL WARNING: [Common 17-55] 'set_property' expects at least one object. [C:/Users/FH309/Desktop/eq2/eq2.srcs/constrs_1/imports/hdl/Nexys4_DDR_chu.xdc:168]
Resolution: If [get_<value>] was used to populate the object, check to make sure this command returns at least one valid object.
WARNING: [Vivado 12-584] No ports matched 'adc_p[0]'. [C:/Users/FH309/Desktop/eq2/eq2.srcs/constrs_1/imports/hdl/Nexys4_DDR_chu.xdc:169]
CRITICAL WARNING: [Common 17-55] 'set_property' expects at least one object. [C:/Users/FH309/Desktop/eq2/eq2.srcs/constrs_1/imports/hdl/Nexys4_DDR_chu.xdc:169]
Resolution: If [get_<value>] was used to populate the object, check to make sure this command returns at least one valid object.
WARNING: [Vivado 12-584] No ports matched 'adc_n[1]'. [C:/Users/FH309/Desktop/eq2/eq2.srcs/constrs_1/imports/hdl/Nexys4_DDR_chu.xdc:170]
CRITICAL WARNING: [Common 17-55] 'set_property' expects at least one object. [C:/Users/FH309/Desktop/eq2/eq2.srcs/constrs_1/imports/hdl/Nexys4_DDR_chu.xdc:170]
Resolution: If [get_<value>] was used to populate the object, check to make sure this command returns at least one valid object.
WARNING: [Vivado 12-584] No ports matched 'adc_p[1]'. [C:/Users/FH309/Desktop/eq2/eq2.srcs/constrs_1/imports/hdl/Nexys4_DDR_chu.xdc:171]
CRITICAL WARNING: [Common 17-55] 'set_property' expects at least one object. [C:/Users/FH309/Desktop/eq2/eq2.srcs/constrs_1/imports/hdl/Nexys4_DDR_chu.xdc:171]
Resolution: If [get_<value>] was used to populate the object, check to make sure this command returns at least one valid object.
WARNING: [Vivado 12-584] No ports matched 'adc_n[2]'. [C:/Users/FH309/Desktop/eq2/eq2.srcs/constrs_1/imports/hdl/Nexys4_DDR_chu.xdc:172]
CRITICAL WARNING: [Common 17-55] 'set_property' expects at least one object. [C:/Users/FH309/Desktop/eq2/eq2.srcs/constrs_1/imports/hdl/Nexys4_DDR_chu.xdc:172]
Resolution: If [get_<value>] was used to populate the object, check to make sure this command returns at least one valid object.
WARNING: [Vivado 12-584] No ports matched 'adc_p[2]'. [C:/Users/FH309/Desktop/eq2/eq2.srcs/constrs_1/imports/hdl/Nexys4_DDR_chu.xdc:173]
CRITICAL WARNING: [Common 17-55] 'set_property' expects at least one object. [C:/Users/FH309/Desktop/eq2/eq2.srcs/constrs_1/imports/hdl/Nexys4_DDR_chu.xdc:173]
Resolution: If [get_<value>] was used to populate the object, check to make sure this command returns at least one valid object.
WARNING: [Vivado 12-584] No ports matched 'adc_n[3]'. [C:/Users/FH309/Desktop/eq2/eq2.srcs/constrs_1/imports/hdl/Nexys4_DDR_chu.xdc:174]
CRITICAL WARNING: [Common 17-55] 'set_property' expects at least one object. [C:/Users/FH309/Desktop/eq2/eq2.srcs/constrs_1/imports/hdl/Nexys4_DDR_chu.xdc:174]
Resolution: If [get_<value>] was used to populate the object, check to make sure this command returns at least one valid object.
WARNING: [Vivado 12-584] No ports matched 'adc_p[3]'. [C:/Users/FH309/Desktop/eq2/eq2.srcs/constrs_1/imports/hdl/Nexys4_DDR_chu.xdc:175]
CRITICAL WARNING: [Common 17-55] 'set_property' expects at least one object. [C:/Users/FH309/Desktop/eq2/eq2.srcs/constrs_1/imports/hdl/Nexys4_DDR_chu.xdc:175]
Resolution: If [get_<value>] was used to populate the object, check to make sure this command returns at least one valid object.
WARNING: [Vivado 12-584] No ports matched 'ja_top[1]'. [C:/Users/FH309/Desktop/eq2/eq2.srcs/constrs_1/imports/hdl/Nexys4_DDR_chu.xdc:184]
CRITICAL WARNING: [Common 17-55] 'set_property' expects at least one object. [C:/Users/FH309/Desktop/eq2/eq2.srcs/constrs_1/imports/hdl/Nexys4_DDR_chu.xdc:184]
Resolution: If [get_<value>] was used to populate the object, check to make sure this command returns at least one valid object.
WARNING: [Vivado 12-584] No ports matched 'ja_top[2]'. [C:/Users/FH309/Desktop/eq2/eq2.srcs/constrs_1/imports/hdl/Nexys4_DDR_chu.xdc:185]
CRITICAL WARNING: [Common 17-55] 'set_property' expects at least one object. [C:/Users/FH309/Desktop/eq2/eq2.srcs/constrs_1/imports/hdl/Nexys4_DDR_chu.xdc:185]
Resolution: If [get_<value>] was used to populate the object, check to make sure this command returns at least one valid object.
WARNING: [Vivado 12-584] No ports matched 'ja_top[3]'. [C:/Users/FH309/Desktop/eq2/eq2.srcs/constrs_1/imports/hdl/Nexys4_DDR_chu.xdc:186]
CRITICAL WARNING: [Common 17-55] 'set_property' expects at least one object. [C:/Users/FH309/Desktop/eq2/eq2.srcs/constrs_1/imports/hdl/Nexys4_DDR_chu.xdc:186]
Resolution: If [get_<value>] was used to populate the object, check to make sure this command returns at least one valid object.
WARNING: [Vivado 12-584] No ports matched 'ja_top[4]'. [C:/Users/FH309/Desktop/eq2/eq2.srcs/constrs_1/imports/hdl/Nexys4_DDR_chu.xdc:187]
CRITICAL WARNING: [Common 17-55] 'set_property' expects at least one object. [C:/Users/FH309/Desktop/eq2/eq2.srcs/constrs_1/imports/hdl/Nexys4_DDR_chu.xdc:187]
Resolution: If [get_<value>] was used to populate the object, check to make sure this command returns at least one valid object.
WARNING: [Vivado 12-584] No ports matched 'ja_btm[7]'. [C:/Users/FH309/Desktop/eq2/eq2.srcs/constrs_1/imports/hdl/Nexys4_DDR_chu.xdc:188]
CRITICAL WARNING: [Common 17-55] 'set_property' expects at least one object. [C:/Users/FH309/Desktop/eq2/eq2.srcs/constrs_1/imports/hdl/Nexys4_DDR_chu.xdc:188]
Resolution: If [get_<value>] was used to populate the object, check to make sure this command returns at least one valid object.
WARNING: [Vivado 12-584] No ports matched 'ja_btm[8]'. [C:/Users/FH309/Desktop/eq2/eq2.srcs/constrs_1/imports/hdl/Nexys4_DDR_chu.xdc:189]
CRITICAL WARNING: [Common 17-55] 'set_property' expects at least one object. [C:/Users/FH309/Desktop/eq2/eq2.srcs/constrs_1/imports/hdl/Nexys4_DDR_chu.xdc:189]
Resolution: If [get_<value>] was used to populate the object, check to make sure this command returns at least one valid object.
WARNING: [Vivado 12-584] No ports matched 'ja_btm[9]'. [C:/Users/FH309/Desktop/eq2/eq2.srcs/constrs_1/imports/hdl/Nexys4_DDR_chu.xdc:190]
CRITICAL WARNING: [Common 17-55] 'set_property' expects at least one object. [C:/Users/FH309/Desktop/eq2/eq2.srcs/constrs_1/imports/hdl/Nexys4_DDR_chu.xdc:190]
Resolution: If [get_<value>] was used to populate the object, check to make sure this command returns at least one valid object.
WARNING: [Vivado 12-584] No ports matched 'ja_btm[10]'. [C:/Users/FH309/Desktop/eq2/eq2.srcs/constrs_1/imports/hdl/Nexys4_DDR_chu.xdc:191]
CRITICAL WARNING: [Common 17-55] 'set_property' expects at least one object. [C:/Users/FH309/Desktop/eq2/eq2.srcs/constrs_1/imports/hdl/Nexys4_DDR_chu.xdc:191]
Resolution: If [get_<value>] was used to populate the object, check to make sure this command returns at least one valid object.
Finished Parsing XDC File [C:/Users/FH309/Desktop/eq2/eq2.srcs/constrs_1/imports/hdl/Nexys4_DDR_chu.xdc]
INFO: [Project 1-236] Implementation specific constraints were found while reading constraint file [C:/Users/FH309/Desktop/eq2/eq2.srcs/constrs_1/imports/hdl/Nexys4_DDR_chu.xdc]. These constraints will be ignored for synthesis but will be used in implementation. Impacted constraints are listed in the file [.Xil/eq_top_propImpl.xdc].
Resolution: To avoid this warning, move constraints listed in [.Xil/eq_top_propImpl.xdc] to another XDC file and exclude this new file from synthesis with the used_in_synthesis property (File Properties dialog in GUI) and re-run elaboration/synthesis.
Completed Processing XDC Constraints

INFO: [Project 1-111] Unisim Transformation Summary:
No Unisim elements were transformed.

Constraint Validation Runtime : Time (s): cpu = 00:00:00 ; elapsed = 00:00:00 . Memory (MB): peak = 558.688 ; gain = 0.000
---------------------------------------------------------------------------------
Finished Constraint Validation : Time (s): cpu = 00:00:10 ; elapsed = 00:00:14 . Memory (MB): peak = 558.688 ; gain = 350.563
---------------------------------------------------------------------------------
---------------------------------------------------------------------------------
Start Loading Part and Timing Information
---------------------------------------------------------------------------------
Loading part: xc7a100tcsg324-1
---------------------------------------------------------------------------------
Finished Loading Part and Timing Information : Time (s): cpu = 00:00:10 ; elapsed = 00:00:14 . Memory (MB): peak = 558.688 ; gain = 350.563
---------------------------------------------------------------------------------
---------------------------------------------------------------------------------
Start Applying 'set_property' XDC Constraints
---------------------------------------------------------------------------------
---------------------------------------------------------------------------------
Finished applying 'set_property' XDC Constraints : Time (s): cpu = 00:00:10 ; elapsed = 00:00:14 . Memory (MB): peak = 558.688 ; gain = 350.563
---------------------------------------------------------------------------------
---------------------------------------------------------------------------------
Finished RTL Optimization Phase 2 : Time (s): cpu = 00:00:10 ; elapsed = 00:00:14 . Memory (MB): peak = 558.688 ; gain = 350.563
---------------------------------------------------------------------------------

Report RTL Partitions: 
+-+--------------+------------+----------+
| |RTL Partition |Replication |Instances |
+-+--------------+------------+----------+
+-+--------------+------------+----------+
---------------------------------------------------------------------------------
Start RTL Component Statistics 
---------------------------------------------------------------------------------
Detailed RTL Component Info : 
---------------------------------------------------------------------------------
Finished RTL Component Statistics 
---------------------------------------------------------------------------------
---------------------------------------------------------------------------------
Start RTL Hierarchical Component Statistics 
---------------------------------------------------------------------------------
Hierarchical RTL Component report 
---------------------------------------------------------------------------------
Finished RTL Hierarchical Component Statistics
---------------------------------------------------------------------------------
---------------------------------------------------------------------------------
Start Part Resource Summary
---------------------------------------------------------------------------------
Part Resources:
DSPs: 240 (col length:80)
BRAMs: 270 (col length: RAMB18 80 RAMB36 40)
---------------------------------------------------------------------------------
Finished Part Resource Summary
---------------------------------------------------------------------------------
Start Parallel Synthesis Optimization  : Time (s): cpu = 00:00:11 ; elapsed = 00:00:14 . Memory (MB): peak = 558.688 ; gain = 350.563
---------------------------------------------------------------------------------
Start Cross Boundary Optimization
---------------------------------------------------------------------------------
---------------------------------------------------------------------------------
Finished Cross Boundary Optimization : Time (s): cpu = 00:00:11 ; elapsed = 00:00:14 . Memory (MB): peak = 558.688 ; gain = 350.563
---------------------------------------------------------------------------------
Finished Parallel Reinference  : Time (s): cpu = 00:00:11 ; elapsed = 00:00:14 . Memory (MB): peak = 558.688 ; gain = 350.563

Report RTL Partitions: 
+-+--------------+------------+----------+
| |RTL Partition |Replication |Instances |
+-+--------------+------------+----------+
+-+--------------+------------+----------+
---------------------------------------------------------------------------------
Start Area Optimization
---------------------------------------------------------------------------------
---------------------------------------------------------------------------------
Finished Area Optimization : Time (s): cpu = 00:00:11 ; elapsed = 00:00:14 . Memory (MB): peak = 558.688 ; gain = 350.563
---------------------------------------------------------------------------------
Finished Parallel Area Optimization  : Time (s): cpu = 00:00:11 ; elapsed = 00:00:14 . Memory (MB): peak = 558.688 ; gain = 350.563

Report RTL Partitions: 
+-+--------------+------------+----------+
| |RTL Partition |Replication |Instances |
+-+--------------+------------+----------+
+-+--------------+------------+----------+
---------------------------------------------------------------------------------
Start Timing Optimization
---------------------------------------------------------------------------------
---------------------------------------------------------------------------------
Start Applying XDC Timing Constraints
---------------------------------------------------------------------------------
---------------------------------------------------------------------------------
Finished Applying XDC Timing Constraints : Time (s): cpu = 00:00:18 ; elapsed = 00:00:22 . Memory (MB): peak = 572.910 ; gain = 364.785
---------------------------------------------------------------------------------
---------------------------------------------------------------------------------
Finished Timing Optimization : Time (s): cpu = 00:00:18 ; elapsed = 00:00:22 . Memory (MB): peak = 572.910 ; gain = 364.785
---------------------------------------------------------------------------------

Report RTL Partitions: 
+-+--------------+------------+----------+
| |RTL Partition |Replication |Instances |
+-+--------------+------------+----------+
+-+--------------+------------+----------+
---------------------------------------------------------------------------------
Start Technology Mapping
---------------------------------------------------------------------------------
---------------------------------------------------------------------------------
Finished Technology Mapping : Time (s): cpu = 00:00:18 ; elapsed = 00:00:22 . Memory (MB): peak = 582.488 ; gain = 374.363
---------------------------------------------------------------------------------
Finished Parallel Technology Mapping Optimization  : Time (s): cpu = 00:00:18 ; elapsed = 00:00:22 . Memory (MB): peak = 582.488 ; gain = 374.363

Report RTL Partitions: 
+-+--------------+------------+----------+
| |RTL Partition |Replication |Instances |
+-+--------------+------------+----------+
+-+--------------+------------+----------+
Finished Parallel Synthesis Optimization  : Time (s): cpu = 00:00:18 ; elapsed = 00:00:22 . Memory (MB): peak = 582.488 ; gain = 374.363
---------------------------------------------------------------------------------
Start IO Insertion
---------------------------------------------------------------------------------
---------------------------------------------------------------------------------
Start Flattening Before IO Insertion
---------------------------------------------------------------------------------
---------------------------------------------------------------------------------
Finished Flattening Before IO Insertion
---------------------------------------------------------------------------------
---------------------------------------------------------------------------------
Start Final Netlist Cleanup
---------------------------------------------------------------------------------
---------------------------------------------------------------------------------
Finished Final Netlist Cleanup
---------------------------------------------------------------------------------
---------------------------------------------------------------------------------
Finished IO Insertion : Time (s): cpu = 00:00:18 ; elapsed = 00:00:22 . Memory (MB): peak = 582.488 ; gain = 374.363
---------------------------------------------------------------------------------

Report Check Netlist: 
+------+------------------+-------+---------+-------+------------------+
|      |Item              |Errors |Warnings |Status |Description       |
+------+------------------+-------+---------+-------+------------------+
|1     |multi_driven_nets |      0|        0|Passed |Multi driven nets |
+------+------------------+-------+---------+-------+------------------+
---------------------------------------------------------------------------------
Start Renaming Generated Instances
---------------------------------------------------------------------------------
---------------------------------------------------------------------------------
Finished Renaming Generated Instances : Time (s): cpu = 00:00:18 ; elapsed = 00:00:22 . Memory (MB): peak = 582.488 ; gain = 374.363
---------------------------------------------------------------------------------

Report RTL Partitions: 
+-+--------------+------------+----------+
| |RTL Partition |Replication |Instances |
+-+--------------+------------+----------+
+-+--------------+------------+----------+
---------------------------------------------------------------------------------
Start Rebuilding User Hierarchy
---------------------------------------------------------------------------------
---------------------------------------------------------------------------------
Finished Rebuilding User Hierarchy : Time (s): cpu = 00:00:18 ; elapsed = 00:00:22 . Memory (MB): peak = 582.488 ; gain = 374.363
---------------------------------------------------------------------------------
---------------------------------------------------------------------------------
Start Renaming Generated Ports
---------------------------------------------------------------------------------
---------------------------------------------------------------------------------
Finished Renaming Generated Ports : Time (s): cpu = 00:00:18 ; elapsed = 00:00:22 . Memory (MB): peak = 582.488 ; gain = 374.363
---------------------------------------------------------------------------------
---------------------------------------------------------------------------------
Start Handling Custom Attributes
---------------------------------------------------------------------------------
---------------------------------------------------------------------------------
Finished Handling Custom Attributes : Time (s): cpu = 00:00:18 ; elapsed = 00:00:22 . Memory (MB): peak = 582.488 ; gain = 374.363
---------------------------------------------------------------------------------
---------------------------------------------------------------------------------
Start Renaming Generated Nets
---------------------------------------------------------------------------------
---------------------------------------------------------------------------------
Finished Renaming Generated Nets : Time (s): cpu = 00:00:18 ; elapsed = 00:00:22 . Memory (MB): peak = 582.488 ; gain = 374.363
---------------------------------------------------------------------------------
---------------------------------------------------------------------------------
Start Writing Synthesis Report
---------------------------------------------------------------------------------

Report BlackBoxes: 
+-+--------------+----------+
| |BlackBox name |Instances |
+-+--------------+----------+
+-+--------------+----------+

Report Cell Usage: 
+------+-----+------+
|      |Cell |Count |
+------+-----+------+
|1     |LUT4 |     1|
|2     |IBUF |     4|
|3     |OBUF |     1|
+------+-----+------+

Report Instance Areas: 
+------+---------+-------+------+
|      |Instance |Module |Cells |
+------+---------+-------+------+
|1     |top      |       |     6|
+------+---------+-------+------+
---------------------------------------------------------------------------------
Finished Writing Synthesis Report : Time (s): cpu = 00:00:18 ; elapsed = 00:00:22 . Memory (MB): peak = 582.488 ; gain = 374.363
---------------------------------------------------------------------------------
Synthesis finished with 0 errors, 0 critical warnings and 0 warnings.
Synthesis Optimization Runtime : Time (s): cpu = 00:00:10 ; elapsed = 00:00:15 . Memory (MB): peak = 582.488 ; gain = 128.488
Synthesis Optimization Complete : Time (s): cpu = 00:00:18 ; elapsed = 00:00:22 . Memory (MB): peak = 582.488 ; gain = 374.363
INFO: [Project 1-571] Translating synthesized netlist
INFO: [Netlist 29-17] Analyzing 4 Unisim elements for replacement
INFO: [Netlist 29-28] Unisim Transformation completed in 0 CPU seconds
INFO: [Project 1-570] Preparing netlist for logic optimization
INFO: [Opt 31-138] Pushed 0 inverter(s) to 0 load pin(s).
INFO: [Project 1-111] Unisim Transformation Summary:
No Unisim elements were transformed.

INFO: [Common 17-83] Releasing license: Synthesis
18 Infos, 99 Warnings, 99 Critical Warnings and 0 Errors encountered.
synth_design completed successfully
synth_design: Time (s): cpu = 00:00:18 ; elapsed = 00:00:21 . Memory (MB): peak = 592.203 ; gain = 384.078
report_utilization: Time (s): cpu = 00:00:00 ; elapsed = 00:00:00.031 . Memory (MB): peak = 592.203 ; gain = 0.000
INFO: [Common 17-206] Exiting Vivado at Mon Sep 12 14:32:39 2016...
